<?xml version="1.0" encoding="UTF-8"?>
<!-- Generated by org.testng.reporters.JUnitXMLReporter -->
<testsuite ignored="0" hostname="LMYPF1HJKSM" failures="0" tests="9" name="Practice1" time="16.145" errors="0" timestamp="2021-08-08T18:44:36 SGT">
  <testcase classname="TestNGPkg.TestNGPractice1" name="openURL" time="2.675"/>
  <testcase classname="TestNGPkg.TestNGPractice1" name="keyInFirstName" time="0.169"/>
  <testcase classname="TestNGPkg.TestNGPractice1" name="keyInLastName" time="0.116"/>
  <testcase classname="TestNGPkg.TestNGPractice1" name="keyInEmail" time="0.149"/>
  <testcase classname="TestNGPkg.TestNGPractice1" name="keyInPhno" time="0.156"/>
  <testcase classname="TestNGPkg.TestNGPractice1" name="keyInPwd" time="0.144"/>
  <testcase classname="TestNGPkg.TestNGPractice1" name="keyInConfirmPwd" time="0.135"/>
  <testcase classname="TestNGPkg.TestNGPractice1" name="policy" time="0.143"/>
  <testcase classname="TestNGPkg.TestNGPractice1" name="submit" time="0.723"/>
</testsuite> <!-- Practice1 -->
